<?xml version="1.0" encoding="UTF-8"?>
<!-- Generated by org.testng.reporters.JUnitReportReporter -->
<testsuite skipped="0" hostname="LAPTOP-2IFEJBVE" name="com.qa.tests.DevopsTest" tests="1" failures="0" timestamp="17 May 2021 10:59:44 GMT" time="0.011" errors="0">
  <testcase name="test2" time="0.011" classname="com.qa.tests.DevopsTest"/>
</testsuite> <!-- com.qa.tests.DevopsTest -->
